# JRE version: Java(TM) SE Runtime Environment (21.0.1+12) (build 21.0.1+12-LTS-29)
# Java VM: Java HotSpot(TM) 64-Bit Server VM (21.0.1+12-LTS-29, mixed mode, sharing, tiered, compressed oops, compressed class ptrs, g1 gc, windows-amd64)
GC Precious Log:
 CardTable entry size: 512
 Card Set container configuration: InlinePtr #cards 4 size 8 Array Of Cards #cards 16 size 48 Howl #buckets 8 coarsen threshold 3686 Howl Bitmap #cards 512 size 80 coarsen threshold 460 Card regions per heap region 1 cards per card region 4096
 CPUs: 16 total, 16 available
 Memory: 15720M
 Large Page Support: Disabled
 NUMA Support: Disabled
 Compressed Oops: Enabled (Zero based)
 Heap Region Size: 2M
 Heap Min Capacity: 8M
 Heap Initial Capacity: 8M
 Heap Max Capacity: 3932M
 Pre-touch: Disabled
 Parallel Workers: 13
 Concurrent Workers: 3
 Concurrent Refinement Workers: 13
 Periodic GC: Disabled
Heap:
 garbage-first heap   total 22528K, used 11908K [0x000000070a400000, 0x0000000800000000)
  region size 2048K, 3 young (6144K), 1 survivors (2048K)
 Metaspace       used 10518K, committed 10752K, reserved 1114112K
  class space    used 1178K, committed 1280K, reserved 1048576K
GC Heap History (20 events):
Event: 2.624 GC heap before
{Heap before GC invocations=2 (full 0):
 garbage-first heap   total 8192K, used 1735K [0x000000070a400000, 0x0000000800000000)
  region size 2048K, 2 young (4096K), 1 survivors (2048K)
 Metaspace       used 7910K, committed 8064K, reserved 1114112K
  class space    used 885K, committed 960K, reserved 1048576K
}
Event: 2.639 GC heap after
{Heap after GC invocations=3 (full 0):
 garbage-first heap   total 8192K, used 2489K [0x000000070a400000, 0x0000000800000000)
  region size 2048K, 1 young (2048K), 1 survivors (2048K)
 Metaspace       used 7910K, committed 8064K, reserved 1114112K
  class space    used 885K, committed 960K, reserved 1048576K
}
Event: 3.040 GC heap before
{Heap before GC invocations=3 (full 0):
 garbage-first heap   total 8192K, used 4537K [0x000000070a400000, 0x0000000800000000)
  region size 2048K, 2 young (4096K), 1 survivors (2048K)
 Metaspace       used 8455K, committed 8640K, reserved 1114112K
  class space    used 928K, committed 1024K, reserved 1048576K
}
Event: 3.057 GC heap after
{Heap after GC invocations=4 (full 0):
 garbage-first heap   total 8192K, used 3109K [0x000000070a400000, 0x0000000800000000)
  region size 2048K, 1 young (2048K), 1 survivors (2048K)
 Metaspace       used 8455K, committed 8640K, reserved 1114112K
  class space    used 928K, committed 1024K, reserved 1048576K
}
Event: 3.568 GC heap before
{Heap before GC invocations=4 (full 0):
 garbage-first heap   total 8192K, used 5157K [0x000000070a400000, 0x0000000800000000)
  region size 2048K, 2 young (4096K), 1 survivors (2048K)
 Metaspace       used 9163K, committed 9280K, reserved 1114112K
  class space    used 1014K, committed 1088K, reserved 1048576K
}
Event: 3.586 GC heap after
{Heap after GC invocations=5 (full 0):
 garbage-first heap   total 12288K, used 4064K [0x000000070a400000, 0x0000000800000000)
  region size 2048K, 1 young (2048K), 1 survivors (2048K)
 Metaspace       used 9163K, committed 9280K, reserved 1114112K
  class space    used 1014K, committed 1088K, reserved 1048576K
}
Event: 3.657 GC heap before
{Heap before GC invocations=5 (full 0):
 garbage-first heap   total 12288K, used 6112K [0x000000070a400000, 0x0000000800000000)
  region size 2048K, 2 young (4096K), 1 survivors (2048K)
 Metaspace       used 9221K, committed 9344K, reserved 1114112K
  class space    used 1019K, committed 1088K, reserved 1048576K
}
Event: 3.669 GC heap after
{Heap after GC invocations=6 (full 0):
 garbage-first heap   total 12288K, used 4438K [0x000000070a400000, 0x0000000800000000)
  region size 2048K, 1 young (2048K), 1 survivors (2048K)
 Metaspace       used 9221K, committed 9344K, reserved 1114112K
  class space    used 1019K, committed 1088K, reserved 1048576K
}
Event: 3.783 GC heap before
{Heap before GC invocations=6 (full 0):
 garbage-first heap   total 12288K, used 6486K [0x000000070a400000, 0x0000000800000000)
  region size 2048K, 2 young (4096K), 1 survivors (2048K)
 Metaspace       used 9320K, committed 9472K, reserved 1114112K
  class space    used 1026K, committed 1088K, reserved 1048576K
}
Event: 3.792 GC heap after
{Heap after GC invocations=7 (full 0):
 garbage-first heap   total 12288K, used 4787K [0x000000070a400000, 0x0000000800000000)
  region size 2048K, 1 young (2048K), 1 survivors (2048K)
 Metaspace       used 9320K, committed 9472K, reserved 1114112K
  class space    used 1026K, committed 1088K, reserved 1048576K
}
Event: 3.979 GC heap before
{Heap before GC invocations=7 (full 0):
 garbage-first heap   total 12288K, used 6835K [0x000000070a400000, 0x0000000800000000)
  region size 2048K, 2 young (4096K), 1 survivors (2048K)
 Metaspace       used 9415K, committed 9536K, reserved 1114112K
  class space    used 1043K, committed 1088K, reserved 1048576K
}
Event: 3.989 GC heap after
{Heap after GC invocations=8 (full 0):
 garbage-first heap   total 12288K, used 5090K [0x000000070a400000, 0x0000000800000000)
  region size 2048K, 1 young (2048K), 1 survivors (2048K)
 Metaspace       used 9415K, committed 9536K, reserved 1114112K
  class space    used 1043K, committed 1088K, reserved 1048576K
}
Event: 4.081 GC heap before
{Heap before GC invocations=8 (full 0):
 garbage-first heap   total 12288K, used 7138K [0x000000070a400000, 0x0000000800000000)
  region size 2048K, 2 young (4096K), 1 survivors (2048K)
 Metaspace       used 9497K, committed 9664K, reserved 1114112K
  class space    used 1052K, committed 1152K, reserved 1048576K
}
Event: 4.091 GC heap after
{Heap after GC invocations=9 (full 0):
 garbage-first heap   total 22528K, used 5337K [0x000000070a400000, 0x0000000800000000)
  region size 2048K, 1 young (2048K), 1 survivors (2048K)
 Metaspace       used 9497K, committed 9664K, reserved 1114112K
  class space    used 1052K, committed 1152K, reserved 1048576K
}
Event: 4.173 GC heap before
{Heap before GC invocations=9 (full 0):
 garbage-first heap   total 22528K, used 13529K [0x000000070a400000, 0x0000000800000000)
  region size 2048K, 5 young (10240K), 1 survivors (2048K)
 Metaspace       used 9499K, committed 9664K, reserved 1114112K
  class space    used 1052K, committed 1152K, reserved 1048576K
}
Event: 4.189 GC heap after
{Heap after GC invocations=10 (full 0):
 garbage-first heap   total 22528K, used 6392K [0x000000070a400000, 0x0000000800000000)
  region size 2048K, 1 young (2048K), 1 survivors (2048K)
 Metaspace       used 9499K, committed 9664K, reserved 1114112K
  class space    used 1052K, committed 1152K, reserved 1048576K
}
Event: 4.339 GC heap before
{Heap before GC invocations=10 (full 0):
 garbage-first heap   total 22528K, used 14584K [0x000000070a400000, 0x0000000800000000)
  region size 2048K, 5 young (10240K), 1 survivors (2048K)
 Metaspace       used 9539K, committed 9728K, reserved 1114112K
  class space    used 1053K, committed 1152K, reserved 1048576K
}
Event: 4.358 GC heap after
{Heap after GC invocations=11 (full 0):
 garbage-first heap   total 22528K, used 8116K [0x000000070a400000, 0x0000000800000000)
  region size 2048K, 1 young (2048K), 1 survivors (2048K)
 Metaspace       used 9539K, committed 9728K, reserved 1114112K
  class space    used 1053K, committed 1152K, reserved 1048576K
}
Event: 4.771 GC heap before
{Heap before GC invocations=11 (full 0):
 garbage-first heap   total 22528K, used 14260K [0x000000070a400000, 0x0000000800000000)
  region size 2048K, 4 young (8192K), 1 survivors (2048K)
 Metaspace       used 9831K, committed 10048K, reserved 1114112K
  class space    used 1066K, committed 1152K, reserved 1048576K
}
Event: 4.797 GC heap after
{Heap after GC invocations=12 (full 0):
 garbage-first heap   total 22528K, used 9860K [0x000000070a400000, 0x0000000800000000)
  region size 2048K, 1 young (2048K), 1 survivors (2048K)
 Metaspace       used 9831K, committed 10048K, reserved 1114112K
  class space    used 1066K, committed 1152K, reserved 1048576K
}

