# JRE version: Java(TM) SE Runtime Environment (21.0.1+12) (build 21.0.1+12-LTS-29)
# Java VM: Java HotSpot(TM) 64-Bit Server VM (21.0.1+12-LTS-29, mixed mode, sharing, tiered, compressed oops, compressed class ptrs, g1 gc, windows-amd64)
GC Precious Log:
 CardTable entry size: 512
 Card Set container configuration: InlinePtr #cards 4 size 8 Array Of Cards #cards 16 size 48 Howl #buckets 8 coarsen threshold 3686 Howl Bitmap #cards 512 size 80 coarsen threshold 460 Card regions per heap region 1 cards per card region 4096
 CPUs: 16 total, 16 available
 Memory: 15720M
 Large Page Support: Disabled
 NUMA Support: Disabled
 Compressed Oops: Enabled (Zero based)
 Heap Region Size: 2M
 Heap Min Capacity: 8M
 Heap Initial Capacity: 8M
 Heap Max Capacity: 3932M
 Pre-touch: Disabled
 Parallel Workers: 13
 Concurrent Workers: 3
 Concurrent Refinement Workers: 13
 Periodic GC: Disabled
Heap:
 garbage-first heap   total 24576K, used 11234K [0x000000070a400000, 0x0000000800000000)
  region size 2048K, 1 young (2048K), 1 survivors (2048K)
 Metaspace       used 11116K, committed 11328K, reserved 1114112K
  class space    used 1224K, committed 1344K, reserved 1048576K
GC Heap History (20 events):
Event: 3.225 GC heap after
{Heap after GC invocations=4 (full 0):
 garbage-first heap   total 8192K, used 3091K [0x000000070a400000, 0x0000000800000000)
  region size 2048K, 1 young (2048K), 1 survivors (2048K)
 Metaspace       used 8461K, committed 8640K, reserved 1114112K
  class space    used 929K, committed 1024K, reserved 1048576K
}
Event: 3.628 GC heap before
{Heap before GC invocations=4 (full 0):
 garbage-first heap   total 8192K, used 5139K [0x000000070a400000, 0x0000000800000000)
  region size 2048K, 2 young (4096K), 1 survivors (2048K)
 Metaspace       used 9170K, committed 9344K, reserved 1114112K
  class space    used 1014K, committed 1088K, reserved 1048576K
}
Event: 3.639 GC heap after
{Heap after GC invocations=5 (full 0):
 garbage-first heap   total 10240K, used 4046K [0x000000070a400000, 0x0000000800000000)
  region size 2048K, 1 young (2048K), 1 survivors (2048K)
 Metaspace       used 9170K, committed 9344K, reserved 1114112K
  class space    used 1014K, committed 1088K, reserved 1048576K
}
Event: 3.685 GC heap before
{Heap before GC invocations=5 (full 0):
 garbage-first heap   total 10240K, used 6094K [0x000000070a400000, 0x0000000800000000)
  region size 2048K, 2 young (4096K), 1 survivors (2048K)
 Metaspace       used 9222K, committed 9344K, reserved 1114112K
  class space    used 1018K, committed 1088K, reserved 1048576K
}
Event: 3.695 GC heap after
{Heap after GC invocations=6 (full 0):
 garbage-first heap   total 12288K, used 4365K [0x000000070a400000, 0x0000000800000000)
  region size 2048K, 1 young (2048K), 1 survivors (2048K)
 Metaspace       used 9222K, committed 9344K, reserved 1114112K
  class space    used 1018K, committed 1088K, reserved 1048576K
}
Event: 3.802 GC heap before
{Heap before GC invocations=6 (full 0):
 garbage-first heap   total 12288K, used 6413K [0x000000070a400000, 0x0000000800000000)
  region size 2048K, 2 young (4096K), 1 survivors (2048K)
 Metaspace       used 9321K, committed 9472K, reserved 1114112K
  class space    used 1026K, committed 1088K, reserved 1048576K
}
Event: 3.815 GC heap after
{Heap after GC invocations=7 (full 0):
 garbage-first heap   total 12288K, used 4684K [0x000000070a400000, 0x0000000800000000)
  region size 2048K, 1 young (2048K), 1 survivors (2048K)
 Metaspace       used 9321K, committed 9472K, reserved 1114112K
  class space    used 1026K, committed 1088K, reserved 1048576K
}
Event: 3.969 GC heap before
{Heap before GC invocations=7 (full 0):
 garbage-first heap   total 12288K, used 6732K [0x000000070a400000, 0x0000000800000000)
  region size 2048K, 2 young (4096K), 1 survivors (2048K)
 Metaspace       used 9430K, committed 9600K, reserved 1114112K
  class space    used 1043K, committed 1088K, reserved 1048576K
}
Event: 3.976 GC heap after
{Heap after GC invocations=8 (full 0):
 garbage-first heap   total 12288K, used 5088K [0x000000070a400000, 0x0000000800000000)
  region size 2048K, 1 young (2048K), 1 survivors (2048K)
 Metaspace       used 9430K, committed 9600K, reserved 1114112K
  class space    used 1043K, committed 1088K, reserved 1048576K
}
Event: 4.051 GC heap before
{Heap before GC invocations=8 (full 0):
 garbage-first heap   total 12288K, used 7136K [0x000000070a400000, 0x0000000800000000)
  region size 2048K, 2 young (4096K), 1 survivors (2048K)
 Metaspace       used 9499K, committed 9664K, reserved 1114112K
  class space    used 1053K, committed 1152K, reserved 1048576K
}
Event: 4.058 GC heap after
{Heap after GC invocations=9 (full 0):
 garbage-first heap   total 12288K, used 5492K [0x000000070a400000, 0x0000000800000000)
  region size 2048K, 1 young (2048K), 1 survivors (2048K)
 Metaspace       used 9499K, committed 9664K, reserved 1114112K
  class space    used 1053K, committed 1152K, reserved 1048576K
}
Event: 4.076 GC heap before
{Heap before GC invocations=9 (full 0):
 garbage-first heap   total 12288K, used 7540K [0x000000070a400000, 0x0000000800000000)
  region size 2048K, 2 young (4096K), 1 survivors (2048K)
 Metaspace       used 9499K, committed 9664K, reserved 1114112K
  class space    used 1053K, committed 1152K, reserved 1048576K
}
Event: 4.085 GC heap after
{Heap after GC invocations=10 (full 0):
 garbage-first heap   total 24576K, used 5576K [0x000000070a400000, 0x0000000800000000)
  region size 2048K, 1 young (2048K), 1 survivors (2048K)
 Metaspace       used 9499K, committed 9664K, reserved 1114112K
  class space    used 1053K, committed 1152K, reserved 1048576K
}
Event: 4.175 GC heap before
{Heap before GC invocations=10 (full 0):
 garbage-first heap   total 24576K, used 13768K [0x000000070a400000, 0x0000000800000000)
  region size 2048K, 5 young (10240K), 1 survivors (2048K)
 Metaspace       used 9500K, committed 9664K, reserved 1114112K
  class space    used 1053K, committed 1152K, reserved 1048576K
}
Event: 4.202 GC heap after
{Heap after GC invocations=11 (full 0):
 garbage-first heap   total 24576K, used 6688K [0x000000070a400000, 0x0000000800000000)
  region size 2048K, 1 young (2048K), 1 survivors (2048K)
 Metaspace       used 9500K, committed 9664K, reserved 1114112K
  class space    used 1053K, committed 1152K, reserved 1048576K
}
Event: 4.465 GC heap before
{Heap before GC invocations=11 (full 0):
 garbage-first heap   total 24576K, used 14880K [0x000000070a400000, 0x0000000800000000)
  region size 2048K, 5 young (10240K), 1 survivors (2048K)
 Metaspace       used 9578K, committed 9792K, reserved 1114112K
  class space    used 1054K, committed 1152K, reserved 1048576K
}
Event: 4.486 GC heap after
{Heap after GC invocations=12 (full 0):
 garbage-first heap   total 24576K, used 8570K [0x000000070a400000, 0x0000000800000000)
  region size 2048K, 1 young (2048K), 1 survivors (2048K)
 Metaspace       used 9578K, committed 9792K, reserved 1114112K
  class space    used 1054K, committed 1152K, reserved 1048576K
}
Event: 5.136 GC heap before
{Heap before GC invocations=12 (full 0):
 garbage-first heap   total 24576K, used 14714K [0x000000070a400000, 0x0000000800000000)
  region size 2048K, 4 young (8192K), 1 survivors (2048K)
 Metaspace       used 10489K, committed 10688K, reserved 1114112K
  class space    used 1177K, committed 1280K, reserved 1048576K
}
Event: 5.156 GC heap after
{Heap after GC invocations=13 (full 0):
 garbage-first heap   total 24576K, used 10250K [0x000000070a400000, 0x0000000800000000)
  region size 2048K, 1 young (2048K), 1 survivors (2048K)
 Metaspace       used 10489K, committed 10688K, reserved 1114112K
  class space    used 1177K, committed 1280K, reserved 1048576K
}
Event: 5.966 GC heap before
{Heap before GC invocations=13 (full 0):
 garbage-first heap   total 24576K, used 16394K [0x000000070a400000, 0x0000000800000000)
  region size 2048K, 4 young (8192K), 1 survivors (2048K)
 Metaspace       used 11116K, committed 11328K, reserved 1114112K
  class space    used 1224K, committed 1344K, reserved 1048576K
}

